2024-12-23T16:14:31.593+08:00  INFO 9592 --- [main] com.hs.Main                              : Starting Main using Java 17.0.12 with PID 9592 (D:\coding\live-manager-server\web\target\classes started by joe in D:\coding\live-manager-server)
2024-12-23T16:14:31.600+08:00 DEBUG 9592 --- [main] com.hs.Main                              : Running with Spring Boot v3.3.5, Spring v6.1.14
2024-12-23T16:14:31.602+08:00  INFO 9592 --- [main] com.hs.Main                              : No active profile set, falling back to 1 default profile: "default"
2024-12-23T16:14:31.919+08:00  INFO 9592 --- [main] .s.d.r.c.RepositoryConfigurationDelegate : Multiple Spring Data modules found, entering strict repository configuration mode
2024-12-23T16:14:31.920+08:00  INFO 9592 --- [main] .s.d.r.c.RepositoryConfigurationDelegate : Bootstrapping Spring Data Redis repositories in DEFAULT mode.
2024-12-23T16:14:31.943+08:00  INFO 9592 --- [main] .s.d.r.c.RepositoryConfigurationDelegate : Finished Spring Data repository scanning in 10 ms. Found 0 Redis repository interfaces.
2024-12-23T16:14:32.319+08:00  WARN 9592 --- [main] c.b.m.core.metadata.TableInfoHelper      : Can not find table primary key in Class: "com.hs.db.entity.User".
2024-12-23T16:14:32.322+08:00  WARN 9592 --- [main] c.b.m.core.injector.DefaultSqlInjector   : class com.hs.db.entity.User ,Not found @TableId annotation, Cannot use Mybatis-Plus 'xxById' Method.
2024-12-23T16:14:32.368+08:00  WARN 9592 --- [main] c.b.m.core.metadata.TableInfoHelper      : Can not find table primary key in Class: "com.hs.db.entity.GiftLog".
2024-12-23T16:14:32.368+08:00  WARN 9592 --- [main] c.b.m.core.injector.DefaultSqlInjector   : class com.hs.db.entity.GiftLog ,Not found @TableId annotation, Cannot use Mybatis-Plus 'xxById' Method.
2024-12-23T16:14:32.796+08:00  INFO 9592 --- [main] o.s.b.web.embedded.netty.NettyWebServer  : Netty started on port 9000 (http)
2024-12-23T16:14:32.801+08:00  INFO 9592 --- [main] com.hs.Main                              : Started Main in 1.482 seconds (process running for 1.909)
2024-12-23T16:15:17.916+08:00 DEBUG 9592 --- [reactor-http-nio-2] com.hs.controller.GiftLogController      : 查询礼物日志 pageSize:10 pageNum :1 roomId: giftId: senderId: startTime:null endTime:null
2024-12-23T16:15:18.012+08:00  INFO 9592 --- [ForkJoinPool.commonPool-worker-1] com.zaxxer.hikari.HikariDataSource       : HikariPool-1 - Starting...
2024-12-23T16:15:18.170+08:00  INFO 9592 --- [ForkJoinPool.commonPool-worker-1] com.zaxxer.hikari.pool.HikariPool        : HikariPool-1 - Added connection com.mysql.cj.jdbc.ConnectionImpl@335774ca
2024-12-23T16:15:18.171+08:00  INFO 9592 --- [ForkJoinPool.commonPool-worker-1] com.zaxxer.hikari.HikariDataSource       : HikariPool-1 - Start completed.
2024-12-23T16:15:18.177+08:00 DEBUG 9592 --- [ForkJoinPool.commonPool-worker-1] c.h.d.m.G.selectList_mpCount             : ==>  Preparing: SELECT COUNT(*) AS total FROM gift_log
2024-12-23T16:15:18.191+08:00 DEBUG 9592 --- [ForkJoinPool.commonPool-worker-1] c.h.d.m.G.selectList_mpCount             : ==> Parameters: 
2024-12-23T16:15:18.203+08:00 DEBUG 9592 --- [ForkJoinPool.commonPool-worker-1] c.h.d.m.G.selectList_mpCount             : <==      Total: 1
2024-12-23T16:15:18.209+08:00 DEBUG 9592 --- [ForkJoinPool.commonPool-worker-1] c.hs.db.mapper.GiftLogMapper.selectList  : ==>  Preparing: SELECT room_id,anchor_name,sender_id,sender_name,sender_avatar_url,gift_id,amount,combo_count,charge_policy,total_payment,total_gems,sent_timestamp,activity_id FROM gift_log ORDER BY sent_timestamp DESC LIMIT ?
2024-12-23T16:15:18.210+08:00 DEBUG 9592 --- [ForkJoinPool.commonPool-worker-1] c.hs.db.mapper.GiftLogMapper.selectList  : ==> Parameters: 10(Long)
2024-12-23T16:15:18.214+08:00 DEBUG 9592 --- [ForkJoinPool.commonPool-worker-1] c.hs.db.mapper.GiftLogMapper.selectList  : <==      Total: 10
2024-12-23T16:16:40.898+08:00 DEBUG 9592 --- [reactor-http-nio-2] com.hs.controller.GiftLogController      : 查询礼物日志 pageSize:10 pageNum :1 roomId: giftId: senderId: startTime:null endTime:null
2024-12-23T16:16:40.904+08:00 DEBUG 9592 --- [ForkJoinPool.commonPool-worker-2] c.h.d.m.G.selectList_mpCount             : ==>  Preparing: SELECT COUNT(*) AS total FROM gift_log
2024-12-23T16:16:40.904+08:00 DEBUG 9592 --- [ForkJoinPool.commonPool-worker-2] c.h.d.m.G.selectList_mpCount             : ==> Parameters: 
2024-12-23T16:16:40.904+08:00 DEBUG 9592 --- [ForkJoinPool.commonPool-worker-2] c.h.d.m.G.selectList_mpCount             : <==      Total: 1
2024-12-23T16:16:40.905+08:00 DEBUG 9592 --- [ForkJoinPool.commonPool-worker-2] c.hs.db.mapper.GiftLogMapper.selectList  : ==>  Preparing: SELECT room_id,anchor_name,sender_id,sender_name,sender_avatar_url,gift_id,amount,combo_count,charge_policy,total_payment,total_gems,sent_timestamp,activity_id FROM gift_log ORDER BY sent_timestamp DESC LIMIT ?
2024-12-23T16:16:40.905+08:00 DEBUG 9592 --- [ForkJoinPool.commonPool-worker-2] c.hs.db.mapper.GiftLogMapper.selectList  : ==> Parameters: 10(Long)
2024-12-23T16:16:40.909+08:00 DEBUG 9592 --- [ForkJoinPool.commonPool-worker-2] c.hs.db.mapper.GiftLogMapper.selectList  : <==      Total: 10
2024-12-23T16:18:17.710+08:00 DEBUG 9592 --- [reactor-http-nio-2] com.hs.controller.GiftLogController      : 查询礼物日志 pageSize:10 pageNum :1 roomId: giftId: senderId: startTime:null endTime:null
2024-12-23T16:18:17.717+08:00 DEBUG 9592 --- [ForkJoinPool.commonPool-worker-3] c.h.d.m.G.selectList_mpCount             : ==>  Preparing: SELECT COUNT(*) AS total FROM gift_log
2024-12-23T16:18:17.718+08:00 DEBUG 9592 --- [ForkJoinPool.commonPool-worker-3] c.h.d.m.G.selectList_mpCount             : ==> Parameters: 
2024-12-23T16:18:17.718+08:00 DEBUG 9592 --- [ForkJoinPool.commonPool-worker-3] c.h.d.m.G.selectList_mpCount             : <==      Total: 1
2024-12-23T16:18:17.719+08:00 DEBUG 9592 --- [ForkJoinPool.commonPool-worker-3] c.hs.db.mapper.GiftLogMapper.selectList  : ==>  Preparing: SELECT room_id,anchor_name,sender_id,sender_name,sender_avatar_url,gift_id,amount,combo_count,charge_policy,total_payment,total_gems,sent_timestamp,activity_id FROM gift_log ORDER BY sent_timestamp DESC LIMIT ?
2024-12-23T16:18:17.719+08:00 DEBUG 9592 --- [ForkJoinPool.commonPool-worker-3] c.hs.db.mapper.GiftLogMapper.selectList  : ==> Parameters: 10(Long)
2024-12-23T16:18:17.720+08:00 DEBUG 9592 --- [ForkJoinPool.commonPool-worker-3] c.hs.db.mapper.GiftLogMapper.selectList  : <==      Total: 10
2024-12-23T16:41:33.417+08:00  INFO 9592 --- [SpringApplicationShutdownHook] com.zaxxer.hikari.HikariDataSource       : HikariPool-1 - Shutdown initiated...
2024-12-23T16:41:33.424+08:00  INFO 9592 --- [SpringApplicationShutdownHook] com.zaxxer.hikari.HikariDataSource       : HikariPool-1 - Shutdown completed.
2024-12-23T16:42:20.808+08:00  INFO 30608 --- [main] com.hs.Main                              : Starting Main using Java 17.0.12 with PID 30608 (D:\coding\live-manager-server\web\target\classes started by joe in D:\coding\live-manager-server)
2024-12-23T16:42:20.809+08:00 DEBUG 30608 --- [main] com.hs.Main                              : Running with Spring Boot v3.3.5, Spring v6.1.14
2024-12-23T16:42:20.810+08:00  INFO 30608 --- [main] com.hs.Main                              : No active profile set, falling back to 1 default profile: "default"
2024-12-23T16:42:21.129+08:00  INFO 30608 --- [main] .s.d.r.c.RepositoryConfigurationDelegate : Multiple Spring Data modules found, entering strict repository configuration mode
2024-12-23T16:42:21.130+08:00  INFO 30608 --- [main] .s.d.r.c.RepositoryConfigurationDelegate : Bootstrapping Spring Data Redis repositories in DEFAULT mode.
2024-12-23T16:42:21.151+08:00  INFO 30608 --- [main] .s.d.r.c.RepositoryConfigurationDelegate : Finished Spring Data repository scanning in 12 ms. Found 0 Redis repository interfaces.
2024-12-23T16:42:21.559+08:00  WARN 30608 --- [main] c.b.m.core.metadata.TableInfoHelper      : Can not find table primary key in Class: "com.hs.db.entity.User".
2024-12-23T16:42:21.562+08:00  WARN 30608 --- [main] c.b.m.core.injector.DefaultSqlInjector   : class com.hs.db.entity.User ,Not found @TableId annotation, Cannot use Mybatis-Plus 'xxById' Method.
2024-12-23T16:42:21.600+08:00  WARN 30608 --- [main] c.b.m.core.metadata.TableInfoHelper      : Can not find table primary key in Class: "com.hs.db.entity.GiftLog".
2024-12-23T16:42:21.600+08:00  WARN 30608 --- [main] c.b.m.core.injector.DefaultSqlInjector   : class com.hs.db.entity.GiftLog ,Not found @TableId annotation, Cannot use Mybatis-Plus 'xxById' Method.
2024-12-23T16:42:22.053+08:00  INFO 30608 --- [main] o.s.b.web.embedded.netty.NettyWebServer  : Netty started on port 9000 (http)
2024-12-23T16:42:22.058+08:00  INFO 30608 --- [main] com.hs.Main                              : Started Main in 1.54 seconds (process running for 1.979)
2024-12-23T16:42:33.196+08:00 DEBUG 30608 --- [reactor-http-nio-2] com.hs.controller.GiftLogController      : 查询礼物日志 pageSize:10 pageNum :1 roomId: giftId: senderId: startTime:null endTime:null
2024-12-23T16:42:33.275+08:00  INFO 30608 --- [ForkJoinPool.commonPool-worker-1] com.zaxxer.hikari.HikariDataSource       : HikariPool-1 - Starting...
2024-12-23T16:42:33.425+08:00  INFO 30608 --- [ForkJoinPool.commonPool-worker-1] com.zaxxer.hikari.pool.HikariPool        : HikariPool-1 - Added connection com.mysql.cj.jdbc.ConnectionImpl@2a8d34c6
2024-12-23T16:42:33.426+08:00  INFO 30608 --- [ForkJoinPool.commonPool-worker-1] com.zaxxer.hikari.HikariDataSource       : HikariPool-1 - Start completed.
2024-12-23T16:42:33.431+08:00 DEBUG 30608 --- [ForkJoinPool.commonPool-worker-1] c.h.d.m.G.selectList_mpCount             : ==>  Preparing: SELECT COUNT(*) AS total FROM gift_log
2024-12-23T16:42:33.443+08:00 DEBUG 30608 --- [ForkJoinPool.commonPool-worker-1] c.h.d.m.G.selectList_mpCount             : ==> Parameters: 
2024-12-23T16:42:33.455+08:00 DEBUG 30608 --- [ForkJoinPool.commonPool-worker-1] c.h.d.m.G.selectList_mpCount             : <==      Total: 1
2024-12-23T16:42:33.459+08:00 DEBUG 30608 --- [ForkJoinPool.commonPool-worker-1] c.hs.db.mapper.GiftLogMapper.selectList  : ==>  Preparing: SELECT room_id,anchor_name,sender_id,sender_name,sender_avatar_url,gift_id,amount,combo_count,charge_policy,total_payment,total_gems,sent_timestamp,activity_id FROM gift_log ORDER BY sent_timestamp DESC LIMIT ?
2024-12-23T16:42:33.459+08:00 DEBUG 30608 --- [ForkJoinPool.commonPool-worker-1] c.hs.db.mapper.GiftLogMapper.selectList  : ==> Parameters: 10(Long)
2024-12-23T16:42:33.465+08:00 DEBUG 30608 --- [ForkJoinPool.commonPool-worker-1] c.hs.db.mapper.GiftLogMapper.selectList  : <==      Total: 10
2024-12-23T16:42:42.634+08:00 DEBUG 30608 --- [reactor-http-nio-2] com.hs.controller.GiftLogController      : 查询礼物日志 pageSize:10 pageNum :1 roomId: giftId: senderId: startTime:null endTime:null
2024-12-23T16:42:42.647+08:00 DEBUG 30608 --- [ForkJoinPool.commonPool-worker-1] c.h.d.m.G.selectList_mpCount             : ==>  Preparing: SELECT COUNT(*) AS total FROM gift_log WHERE (sender_name LIKE ?)
2024-12-23T16:42:42.648+08:00 DEBUG 30608 --- [ForkJoinPool.commonPool-worker-1] c.h.d.m.G.selectList_mpCount             : ==> Parameters: %N%(String)
2024-12-23T16:42:42.653+08:00 DEBUG 30608 --- [ForkJoinPool.commonPool-worker-1] c.h.d.m.G.selectList_mpCount             : <==      Total: 1
2024-12-23T16:42:42.653+08:00 DEBUG 30608 --- [ForkJoinPool.commonPool-worker-1] c.hs.db.mapper.GiftLogMapper.selectList  : ==>  Preparing: SELECT room_id,anchor_name,sender_id,sender_name,sender_avatar_url,gift_id,amount,combo_count,charge_policy,total_payment,total_gems,sent_timestamp,activity_id FROM gift_log WHERE (sender_name LIKE ?) ORDER BY sent_timestamp DESC LIMIT ?
2024-12-23T16:42:42.653+08:00 DEBUG 30608 --- [ForkJoinPool.commonPool-worker-1] c.hs.db.mapper.GiftLogMapper.selectList  : ==> Parameters: %N%(String), 10(Long)
2024-12-23T16:42:42.657+08:00 DEBUG 30608 --- [ForkJoinPool.commonPool-worker-1] c.hs.db.mapper.GiftLogMapper.selectList  : <==      Total: 10
2024-12-23T16:44:21.509+08:00 DEBUG 30608 --- [reactor-http-nio-2] com.hs.controller.GiftLogController      : 查询礼物日志 pageSize:10 pageNum :1 roomId: giftId: senderId: startTime:null endTime:null
2024-12-23T16:44:21.517+08:00 DEBUG 30608 --- [ForkJoinPool.commonPool-worker-2] c.h.d.m.G.selectList_mpCount             : ==>  Preparing: SELECT COUNT(*) AS total FROM gift_log WHERE (sender_name LIKE ?)
2024-12-23T16:44:21.518+08:00 DEBUG 30608 --- [ForkJoinPool.commonPool-worker-2] c.h.d.m.G.selectList_mpCount             : ==> Parameters: %N%(String)
2024-12-23T16:44:21.519+08:00 DEBUG 30608 --- [ForkJoinPool.commonPool-worker-2] c.h.d.m.G.selectList_mpCount             : <==      Total: 1
2024-12-23T16:44:21.519+08:00 DEBUG 30608 --- [ForkJoinPool.commonPool-worker-2] c.hs.db.mapper.GiftLogMapper.selectList  : ==>  Preparing: SELECT room_id,anchor_name,sender_id,sender_name,sender_avatar_url,gift_id,amount,combo_count,charge_policy,total_payment,total_gems,sent_timestamp,activity_id FROM gift_log WHERE (sender_name LIKE ?) ORDER BY sent_timestamp DESC LIMIT ?
2024-12-23T16:44:21.519+08:00 DEBUG 30608 --- [ForkJoinPool.commonPool-worker-2] c.hs.db.mapper.GiftLogMapper.selectList  : ==> Parameters: %N%(String), 10(Long)
2024-12-23T16:44:21.521+08:00 DEBUG 30608 --- [ForkJoinPool.commonPool-worker-2] c.hs.db.mapper.GiftLogMapper.selectList  : <==      Total: 10
2024-12-23T16:44:28.934+08:00 DEBUG 30608 --- [reactor-http-nio-2] com.hs.controller.GiftLogController      : 查询礼物日志 pageSize:10 pageNum :1 roomId: giftId: senderId: startTime:null endTime:null
2024-12-23T16:44:28.944+08:00 DEBUG 30608 --- [ForkJoinPool.commonPool-worker-2] c.h.d.m.G.selectList_mpCount             : ==>  Preparing: SELECT COUNT(*) AS total FROM gift_log WHERE (sender_name LIKE ?)
2024-12-23T16:44:28.944+08:00 DEBUG 30608 --- [ForkJoinPool.commonPool-worker-2] c.h.d.m.G.selectList_mpCount             : ==> Parameters: %A%(String)
2024-12-23T16:44:28.946+08:00 DEBUG 30608 --- [ForkJoinPool.commonPool-worker-2] c.h.d.m.G.selectList_mpCount             : <==      Total: 1
2024-12-23T16:44:28.946+08:00 DEBUG 30608 --- [ForkJoinPool.commonPool-worker-2] c.hs.db.mapper.GiftLogMapper.selectList  : ==>  Preparing: SELECT room_id,anchor_name,sender_id,sender_name,sender_avatar_url,gift_id,amount,combo_count,charge_policy,total_payment,total_gems,sent_timestamp,activity_id FROM gift_log WHERE (sender_name LIKE ?) ORDER BY sent_timestamp DESC LIMIT ?
2024-12-23T16:44:28.946+08:00 DEBUG 30608 --- [ForkJoinPool.commonPool-worker-2] c.hs.db.mapper.GiftLogMapper.selectList  : ==> Parameters: %A%(String), 10(Long)
2024-12-23T16:44:28.948+08:00 DEBUG 30608 --- [ForkJoinPool.commonPool-worker-2] c.hs.db.mapper.GiftLogMapper.selectList  : <==      Total: 10
2024-12-23T16:45:26.006+08:00 DEBUG 30608 --- [reactor-http-nio-2] com.hs.controller.GiftLogController      : 查询礼物日志 pageSize:10 pageNum :1 roomId: giftId: senderId: startTime:null endTime:null
2024-12-23T16:45:26.012+08:00 DEBUG 30608 --- [ForkJoinPool.commonPool-worker-2] c.h.d.m.G.selectList_mpCount             : ==>  Preparing: SELECT COUNT(*) AS total FROM gift_log WHERE (sender_name LIKE ?)
2024-12-23T16:45:26.013+08:00 DEBUG 30608 --- [ForkJoinPool.commonPool-worker-2] c.h.d.m.G.selectList_mpCount             : ==> Parameters: %WW%(String)
2024-12-23T16:45:26.014+08:00 DEBUG 30608 --- [ForkJoinPool.commonPool-worker-2] c.h.d.m.G.selectList_mpCount             : <==      Total: 1
2024-12-23T16:45:29.176+08:00 DEBUG 30608 --- [reactor-http-nio-2] com.hs.controller.GiftLogController      : 查询礼物日志 pageSize:10 pageNum :1 roomId: giftId: senderId: startTime:null endTime:null
2024-12-23T16:45:29.184+08:00 DEBUG 30608 --- [ForkJoinPool.commonPool-worker-2] c.h.d.m.G.selectList_mpCount             : ==>  Preparing: SELECT COUNT(*) AS total FROM gift_log
2024-12-23T16:45:29.184+08:00 DEBUG 30608 --- [ForkJoinPool.commonPool-worker-2] c.h.d.m.G.selectList_mpCount             : ==> Parameters: 
2024-12-23T16:45:29.185+08:00 DEBUG 30608 --- [ForkJoinPool.commonPool-worker-2] c.h.d.m.G.selectList_mpCount             : <==      Total: 1
2024-12-23T16:45:29.185+08:00 DEBUG 30608 --- [ForkJoinPool.commonPool-worker-2] c.hs.db.mapper.GiftLogMapper.selectList  : ==>  Preparing: SELECT room_id,anchor_name,sender_id,sender_name,sender_avatar_url,gift_id,amount,combo_count,charge_policy,total_payment,total_gems,sent_timestamp,activity_id FROM gift_log ORDER BY sent_timestamp DESC LIMIT ?
2024-12-23T16:45:29.185+08:00 DEBUG 30608 --- [ForkJoinPool.commonPool-worker-2] c.hs.db.mapper.GiftLogMapper.selectList  : ==> Parameters: 10(Long)
2024-12-23T16:45:29.187+08:00 DEBUG 30608 --- [ForkJoinPool.commonPool-worker-2] c.hs.db.mapper.GiftLogMapper.selectList  : <==      Total: 10
2024-12-23T16:46:46.648+08:00 DEBUG 30608 --- [reactor-http-nio-2] com.hs.controller.GiftLogController      : 查询礼物日志 pageSize:10 pageNum :1 roomId: giftId: senderId: startTime:null endTime:null
2024-12-23T16:46:46.656+08:00 DEBUG 30608 --- [ForkJoinPool.commonPool-worker-3] c.h.d.m.G.selectList_mpCount             : ==>  Preparing: SELECT COUNT(*) AS total FROM gift_log WHERE (sender_name LIKE ?)
2024-12-23T16:46:46.657+08:00 DEBUG 30608 --- [ForkJoinPool.commonPool-worker-3] c.h.d.m.G.selectList_mpCount             : ==> Parameters: %boy%(String)
2024-12-23T16:46:46.658+08:00 DEBUG 30608 --- [ForkJoinPool.commonPool-worker-3] c.h.d.m.G.selectList_mpCount             : <==      Total: 1
2024-12-23T16:46:46.658+08:00 DEBUG 30608 --- [ForkJoinPool.commonPool-worker-3] c.hs.db.mapper.GiftLogMapper.selectList  : ==>  Preparing: SELECT room_id,anchor_name,sender_id,sender_name,sender_avatar_url,gift_id,amount,combo_count,charge_policy,total_payment,total_gems,sent_timestamp,activity_id FROM gift_log WHERE (sender_name LIKE ?) ORDER BY sent_timestamp DESC LIMIT ?
2024-12-23T16:46:46.658+08:00 DEBUG 30608 --- [ForkJoinPool.commonPool-worker-3] c.hs.db.mapper.GiftLogMapper.selectList  : ==> Parameters: %boy%(String), 10(Long)
2024-12-23T16:46:46.661+08:00 DEBUG 30608 --- [ForkJoinPool.commonPool-worker-3] c.hs.db.mapper.GiftLogMapper.selectList  : <==      Total: 5
2024-12-23T16:46:53.662+08:00 DEBUG 30608 --- [reactor-http-nio-2] com.hs.controller.GiftLogController      : 查询礼物日志 pageSize:10 pageNum :1 roomId: giftId: senderId: startTime:null endTime:null
2024-12-23T16:46:53.669+08:00 DEBUG 30608 --- [ForkJoinPool.commonPool-worker-3] c.h.d.m.G.selectList_mpCount             : ==>  Preparing: SELECT COUNT(*) AS total FROM gift_log WHERE (sender_name LIKE ?)
2024-12-23T16:46:53.669+08:00 DEBUG 30608 --- [ForkJoinPool.commonPool-worker-3] c.h.d.m.G.selectList_mpCount             : ==> Parameters: %A%(String)
2024-12-23T16:46:53.671+08:00 DEBUG 30608 --- [ForkJoinPool.commonPool-worker-3] c.h.d.m.G.selectList_mpCount             : <==      Total: 1
2024-12-23T16:46:53.671+08:00 DEBUG 30608 --- [ForkJoinPool.commonPool-worker-3] c.hs.db.mapper.GiftLogMapper.selectList  : ==>  Preparing: SELECT room_id,anchor_name,sender_id,sender_name,sender_avatar_url,gift_id,amount,combo_count,charge_policy,total_payment,total_gems,sent_timestamp,activity_id FROM gift_log WHERE (sender_name LIKE ?) ORDER BY sent_timestamp DESC LIMIT ?
2024-12-23T16:46:53.672+08:00 DEBUG 30608 --- [ForkJoinPool.commonPool-worker-3] c.hs.db.mapper.GiftLogMapper.selectList  : ==> Parameters: %A%(String), 10(Long)
2024-12-23T16:46:53.674+08:00 DEBUG 30608 --- [ForkJoinPool.commonPool-worker-3] c.hs.db.mapper.GiftLogMapper.selectList  : <==      Total: 10
2024-12-23T16:47:20.712+08:00 DEBUG 30608 --- [reactor-http-nio-2] com.hs.controller.GiftLogController      : 查询礼物日志 pageSize:10 pageNum :1 roomId: giftId: senderId: startTime:null endTime:null
2024-12-23T16:47:20.719+08:00 DEBUG 30608 --- [ForkJoinPool.commonPool-worker-3] c.h.d.m.G.selectList_mpCount             : ==>  Preparing: SELECT COUNT(*) AS total FROM gift_log WHERE (sender_name LIKE ?)
2024-12-23T16:47:20.719+08:00 DEBUG 30608 --- [ForkJoinPool.commonPool-worker-3] c.h.d.m.G.selectList_mpCount             : ==> Parameters: %Đình Quang%(String)
2024-12-23T16:47:20.721+08:00 DEBUG 30608 --- [ForkJoinPool.commonPool-worker-3] c.h.d.m.G.selectList_mpCount             : <==      Total: 1
2024-12-23T16:47:20.721+08:00 DEBUG 30608 --- [ForkJoinPool.commonPool-worker-3] c.hs.db.mapper.GiftLogMapper.selectList  : ==>  Preparing: SELECT room_id,anchor_name,sender_id,sender_name,sender_avatar_url,gift_id,amount,combo_count,charge_policy,total_payment,total_gems,sent_timestamp,activity_id FROM gift_log WHERE (sender_name LIKE ?) ORDER BY sent_timestamp DESC LIMIT ?
2024-12-23T16:47:20.721+08:00 DEBUG 30608 --- [ForkJoinPool.commonPool-worker-3] c.hs.db.mapper.GiftLogMapper.selectList  : ==> Parameters: %Đình Quang%(String), 10(Long)
2024-12-23T16:47:20.723+08:00 DEBUG 30608 --- [ForkJoinPool.commonPool-worker-3] c.hs.db.mapper.GiftLogMapper.selectList  : <==      Total: 2
2024-12-23T16:47:27.203+08:00 DEBUG 30608 --- [reactor-http-nio-2] com.hs.controller.GiftLogController      : 查询礼物日志 pageSize:10 pageNum :1 roomId: giftId: senderId: startTime:null endTime:null
2024-12-23T16:47:27.211+08:00 DEBUG 30608 --- [ForkJoinPool.commonPool-worker-3] c.h.d.m.G.selectList_mpCount             : ==>  Preparing: SELECT COUNT(*) AS total FROM gift_log WHERE (sender_name LIKE ?)
2024-12-23T16:47:27.212+08:00 DEBUG 30608 --- [ForkJoinPool.commonPool-worker-3] c.h.d.m.G.selectList_mpCount             : ==> Parameters: %Đình%(String)
2024-12-23T16:47:27.213+08:00 DEBUG 30608 --- [ForkJoinPool.commonPool-worker-3] c.h.d.m.G.selectList_mpCount             : <==      Total: 1
2024-12-23T16:47:27.213+08:00 DEBUG 30608 --- [ForkJoinPool.commonPool-worker-3] c.hs.db.mapper.GiftLogMapper.selectList  : ==>  Preparing: SELECT room_id,anchor_name,sender_id,sender_name,sender_avatar_url,gift_id,amount,combo_count,charge_policy,total_payment,total_gems,sent_timestamp,activity_id FROM gift_log WHERE (sender_name LIKE ?) ORDER BY sent_timestamp DESC LIMIT ?
2024-12-23T16:47:27.213+08:00 DEBUG 30608 --- [ForkJoinPool.commonPool-worker-3] c.hs.db.mapper.GiftLogMapper.selectList  : ==> Parameters: %Đình%(String), 10(Long)
2024-12-23T16:47:27.215+08:00 DEBUG 30608 --- [ForkJoinPool.commonPool-worker-3] c.hs.db.mapper.GiftLogMapper.selectList  : <==      Total: 2
2024-12-23T16:47:27.965+08:00 DEBUG 30608 --- [reactor-http-nio-2] com.hs.controller.GiftLogController      : 查询礼物日志 pageSize:10 pageNum :1 roomId: giftId: senderId: startTime:null endTime:null
2024-12-23T16:47:27.971+08:00 DEBUG 30608 --- [ForkJoinPool.commonPool-worker-3] c.h.d.m.G.selectList_mpCount             : ==>  Preparing: SELECT COUNT(*) AS total FROM gift_log WHERE (sender_name LIKE ?)
2024-12-23T16:47:27.971+08:00 DEBUG 30608 --- [ForkJoinPool.commonPool-worker-3] c.h.d.m.G.selectList_mpCount             : ==> Parameters: %Đình%(String)
2024-12-23T16:47:27.973+08:00 DEBUG 30608 --- [ForkJoinPool.commonPool-worker-3] c.h.d.m.G.selectList_mpCount             : <==      Total: 1
2024-12-23T16:47:27.973+08:00 DEBUG 30608 --- [ForkJoinPool.commonPool-worker-3] c.hs.db.mapper.GiftLogMapper.selectList  : ==>  Preparing: SELECT room_id,anchor_name,sender_id,sender_name,sender_avatar_url,gift_id,amount,combo_count,charge_policy,total_payment,total_gems,sent_timestamp,activity_id FROM gift_log WHERE (sender_name LIKE ?) ORDER BY sent_timestamp DESC LIMIT ?
2024-12-23T16:47:27.974+08:00 DEBUG 30608 --- [ForkJoinPool.commonPool-worker-3] c.hs.db.mapper.GiftLogMapper.selectList  : ==> Parameters: %Đình%(String), 10(Long)
2024-12-23T16:47:27.976+08:00 DEBUG 30608 --- [ForkJoinPool.commonPool-worker-3] c.hs.db.mapper.GiftLogMapper.selectList  : <==      Total: 2
2024-12-23T16:47:33.084+08:00 DEBUG 30608 --- [reactor-http-nio-2] com.hs.controller.GiftLogController      : 查询礼物日志 pageSize:10 pageNum :1 roomId: giftId: senderId: startTime:null endTime:null
2024-12-23T16:47:33.090+08:00 DEBUG 30608 --- [ForkJoinPool.commonPool-worker-3] c.h.d.m.G.selectList_mpCount             : ==>  Preparing: SELECT COUNT(*) AS total FROM gift_log WHERE (sender_name LIKE ?)
2024-12-23T16:47:33.090+08:00 DEBUG 30608 --- [ForkJoinPool.commonPool-worker-3] c.h.d.m.G.selectList_mpCount             : ==> Parameters: %W%(String)
2024-12-23T16:47:33.091+08:00 DEBUG 30608 --- [ForkJoinPool.commonPool-worker-3] c.h.d.m.G.selectList_mpCount             : <==      Total: 1
2024-12-23T16:47:37.756+08:00 DEBUG 30608 --- [reactor-http-nio-2] com.hs.controller.GiftLogController      : 查询礼物日志 pageSize:10 pageNum :1 roomId: giftId: senderId: startTime:null endTime:null
2024-12-23T16:47:37.766+08:00 DEBUG 30608 --- [ForkJoinPool.commonPool-worker-3] c.h.d.m.G.selectList_mpCount             : ==>  Preparing: SELECT COUNT(*) AS total FROM gift_log WHERE (sender_name LIKE ?)
2024-12-23T16:47:37.766+08:00 DEBUG 30608 --- [ForkJoinPool.commonPool-worker-3] c.h.d.m.G.selectList_mpCount             : ==> Parameters: %N%(String)
2024-12-23T16:47:37.767+08:00 DEBUG 30608 --- [ForkJoinPool.commonPool-worker-3] c.h.d.m.G.selectList_mpCount             : <==      Total: 1
2024-12-23T16:47:37.767+08:00 DEBUG 30608 --- [ForkJoinPool.commonPool-worker-3] c.hs.db.mapper.GiftLogMapper.selectList  : ==>  Preparing: SELECT room_id,anchor_name,sender_id,sender_name,sender_avatar_url,gift_id,amount,combo_count,charge_policy,total_payment,total_gems,sent_timestamp,activity_id FROM gift_log WHERE (sender_name LIKE ?) ORDER BY sent_timestamp DESC LIMIT ?
2024-12-23T16:47:37.767+08:00 DEBUG 30608 --- [ForkJoinPool.commonPool-worker-3] c.hs.db.mapper.GiftLogMapper.selectList  : ==> Parameters: %N%(String), 10(Long)
2024-12-23T16:47:37.769+08:00 DEBUG 30608 --- [ForkJoinPool.commonPool-worker-3] c.hs.db.mapper.GiftLogMapper.selectList  : <==      Total: 10
2024-12-23T16:47:50.286+08:00 DEBUG 30608 --- [reactor-http-nio-2] com.hs.controller.GiftLogController      : 查询礼物日志 pageSize:10 pageNum :1 roomId: giftId: senderId: startTime:null endTime:null
2024-12-23T16:47:50.293+08:00 DEBUG 30608 --- [ForkJoinPool.commonPool-worker-3] c.h.d.m.G.selectList_mpCount             : ==>  Preparing: SELECT COUNT(*) AS total FROM gift_log WHERE (sender_name LIKE ? AND anchor_name LIKE ?)
2024-12-23T16:47:50.293+08:00 DEBUG 30608 --- [ForkJoinPool.commonPool-worker-3] c.h.d.m.G.selectList_mpCount             : ==> Parameters: %N%(String), %XAVIA%(String)
2024-12-23T16:47:50.294+08:00 DEBUG 30608 --- [ForkJoinPool.commonPool-worker-3] c.h.d.m.G.selectList_mpCount             : <==      Total: 1
2024-12-23T16:47:50.295+08:00 DEBUG 30608 --- [ForkJoinPool.commonPool-worker-3] c.hs.db.mapper.GiftLogMapper.selectList  : ==>  Preparing: SELECT room_id,anchor_name,sender_id,sender_name,sender_avatar_url,gift_id,amount,combo_count,charge_policy,total_payment,total_gems,sent_timestamp,activity_id FROM gift_log WHERE (sender_name LIKE ? AND anchor_name LIKE ?) ORDER BY sent_timestamp DESC LIMIT ?
2024-12-23T16:47:50.295+08:00 DEBUG 30608 --- [ForkJoinPool.commonPool-worker-3] c.hs.db.mapper.GiftLogMapper.selectList  : ==> Parameters: %N%(String), %XAVIA%(String), 10(Long)
2024-12-23T16:47:50.297+08:00 DEBUG 30608 --- [ForkJoinPool.commonPool-worker-3] c.hs.db.mapper.GiftLogMapper.selectList  : <==      Total: 10
2024-12-23T16:47:53.453+08:00 DEBUG 30608 --- [reactor-http-nio-2] com.hs.controller.GiftLogController      : 查询礼物日志 pageSize:10 pageNum :1 roomId: giftId: senderId: startTime:null endTime:null
2024-12-23T16:47:53.459+08:00 DEBUG 30608 --- [ForkJoinPool.commonPool-worker-3] c.h.d.m.G.selectList_mpCount             : ==>  Preparing: SELECT COUNT(*) AS total FROM gift_log WHERE (anchor_name LIKE ?)
2024-12-23T16:47:53.459+08:00 DEBUG 30608 --- [ForkJoinPool.commonPool-worker-3] c.h.d.m.G.selectList_mpCount             : ==> Parameters: %XAVIA%(String)
2024-12-23T16:47:53.460+08:00 DEBUG 30608 --- [ForkJoinPool.commonPool-worker-3] c.h.d.m.G.selectList_mpCount             : <==      Total: 1
2024-12-23T16:47:53.461+08:00 DEBUG 30608 --- [ForkJoinPool.commonPool-worker-3] c.hs.db.mapper.GiftLogMapper.selectList  : ==>  Preparing: SELECT room_id,anchor_name,sender_id,sender_name,sender_avatar_url,gift_id,amount,combo_count,charge_policy,total_payment,total_gems,sent_timestamp,activity_id FROM gift_log WHERE (anchor_name LIKE ?) ORDER BY sent_timestamp DESC LIMIT ?
2024-12-23T16:47:53.461+08:00 DEBUG 30608 --- [ForkJoinPool.commonPool-worker-3] c.hs.db.mapper.GiftLogMapper.selectList  : ==> Parameters: %XAVIA%(String), 10(Long)
2024-12-23T16:47:53.462+08:00 DEBUG 30608 --- [ForkJoinPool.commonPool-worker-3] c.hs.db.mapper.GiftLogMapper.selectList  : <==      Total: 10
2024-12-23T16:47:55.797+08:00 DEBUG 30608 --- [reactor-http-nio-2] com.hs.controller.GiftLogController      : 查询礼物日志 pageSize:10 pageNum :1 roomId: giftId: senderId: startTime:null endTime:null
2024-12-23T16:47:55.804+08:00 DEBUG 30608 --- [ForkJoinPool.commonPool-worker-3] c.h.d.m.G.selectList_mpCount             : ==>  Preparing: SELECT COUNT(*) AS total FROM gift_log WHERE (anchor_name LIKE ?)
2024-12-23T16:47:55.804+08:00 DEBUG 30608 --- [ForkJoinPool.commonPool-worker-3] c.h.d.m.G.selectList_mpCount             : ==> Parameters: %XAVI%(String)
2024-12-23T16:47:55.805+08:00 DEBUG 30608 --- [ForkJoinPool.commonPool-worker-3] c.h.d.m.G.selectList_mpCount             : <==      Total: 1
2024-12-23T16:47:55.805+08:00 DEBUG 30608 --- [ForkJoinPool.commonPool-worker-3] c.hs.db.mapper.GiftLogMapper.selectList  : ==>  Preparing: SELECT room_id,anchor_name,sender_id,sender_name,sender_avatar_url,gift_id,amount,combo_count,charge_policy,total_payment,total_gems,sent_timestamp,activity_id FROM gift_log WHERE (anchor_name LIKE ?) ORDER BY sent_timestamp DESC LIMIT ?
2024-12-23T16:47:55.805+08:00 DEBUG 30608 --- [ForkJoinPool.commonPool-worker-3] c.hs.db.mapper.GiftLogMapper.selectList  : ==> Parameters: %XAVI%(String), 10(Long)
2024-12-23T16:47:55.807+08:00 DEBUG 30608 --- [ForkJoinPool.commonPool-worker-3] c.hs.db.mapper.GiftLogMapper.selectList  : <==      Total: 10
2024-12-23T16:47:59.564+08:00 DEBUG 30608 --- [reactor-http-nio-2] com.hs.controller.GiftLogController      : 查询礼物日志 pageSize:10 pageNum :1 roomId: giftId: senderId: startTime:null endTime:null
2024-12-23T16:47:59.570+08:00 DEBUG 30608 --- [ForkJoinPool.commonPool-worker-3] c.h.d.m.G.selectList_mpCount             : ==>  Preparing: SELECT COUNT(*) AS total FROM gift_log
2024-12-23T16:47:59.571+08:00 DEBUG 30608 --- [ForkJoinPool.commonPool-worker-3] c.h.d.m.G.selectList_mpCount             : ==> Parameters: 
2024-12-23T16:47:59.572+08:00 DEBUG 30608 --- [ForkJoinPool.commonPool-worker-3] c.h.d.m.G.selectList_mpCount             : <==      Total: 1
2024-12-23T16:47:59.572+08:00 DEBUG 30608 --- [ForkJoinPool.commonPool-worker-3] c.hs.db.mapper.GiftLogMapper.selectList  : ==>  Preparing: SELECT room_id,anchor_name,sender_id,sender_name,sender_avatar_url,gift_id,amount,combo_count,charge_policy,total_payment,total_gems,sent_timestamp,activity_id FROM gift_log ORDER BY sent_timestamp DESC LIMIT ?
2024-12-23T16:47:59.572+08:00 DEBUG 30608 --- [ForkJoinPool.commonPool-worker-3] c.hs.db.mapper.GiftLogMapper.selectList  : ==> Parameters: 10(Long)
2024-12-23T16:47:59.573+08:00 DEBUG 30608 --- [ForkJoinPool.commonPool-worker-3] c.hs.db.mapper.GiftLogMapper.selectList  : <==      Total: 10
2024-12-23T16:48:11.922+08:00 DEBUG 30608 --- [reactor-http-nio-2] com.hs.controller.GiftLogController      : 查询礼物日志 pageSize:10 pageNum :1 roomId: giftId: senderId: startTime:null endTime:null
2024-12-23T16:48:11.932+08:00 DEBUG 30608 --- [ForkJoinPool.commonPool-worker-3] c.h.d.m.G.selectList_mpCount             : ==>  Preparing: SELECT COUNT(*) AS total FROM gift_log WHERE (sender_name LIKE ?)
2024-12-23T16:48:11.932+08:00 DEBUG 30608 --- [ForkJoinPool.commonPool-worker-3] c.h.d.m.G.selectList_mpCount             : ==> Parameters: %Đường Tục Tưng^^%(String)
2024-12-23T16:48:11.933+08:00 DEBUG 30608 --- [ForkJoinPool.commonPool-worker-3] c.h.d.m.G.selectList_mpCount             : <==      Total: 1
2024-12-23T16:48:11.933+08:00 DEBUG 30608 --- [ForkJoinPool.commonPool-worker-3] c.hs.db.mapper.GiftLogMapper.selectList  : ==>  Preparing: SELECT room_id,anchor_name,sender_id,sender_name,sender_avatar_url,gift_id,amount,combo_count,charge_policy,total_payment,total_gems,sent_timestamp,activity_id FROM gift_log WHERE (sender_name LIKE ?) ORDER BY sent_timestamp DESC LIMIT ?
2024-12-23T16:48:11.933+08:00 DEBUG 30608 --- [ForkJoinPool.commonPool-worker-3] c.hs.db.mapper.GiftLogMapper.selectList  : ==> Parameters: %Đường Tục Tưng^^%(String), 10(Long)
2024-12-23T16:48:11.934+08:00 DEBUG 30608 --- [ForkJoinPool.commonPool-worker-3] c.hs.db.mapper.GiftLogMapper.selectList  : <==      Total: 3
2024-12-23T16:49:03.261+08:00 DEBUG 30608 --- [reactor-http-nio-2] com.hs.controller.GiftLogController      : 查询礼物日志 pageSize:10 pageNum :1 roomId: giftId: senderId: startTime:null endTime:null
2024-12-23T16:49:03.269+08:00 DEBUG 30608 --- [ForkJoinPool.commonPool-worker-3] c.h.d.m.G.selectList_mpCount             : ==>  Preparing: SELECT COUNT(*) AS total FROM gift_log WHERE (sender_name LIKE ?)
2024-12-23T16:49:03.269+08:00 DEBUG 30608 --- [ForkJoinPool.commonPool-worker-3] c.h.d.m.G.selectList_mpCount             : ==> Parameters: %Tục%(String)
2024-12-23T16:49:03.270+08:00 DEBUG 30608 --- [ForkJoinPool.commonPool-worker-3] c.h.d.m.G.selectList_mpCount             : <==      Total: 1
2024-12-23T16:49:03.270+08:00 DEBUG 30608 --- [ForkJoinPool.commonPool-worker-3] c.hs.db.mapper.GiftLogMapper.selectList  : ==>  Preparing: SELECT room_id,anchor_name,sender_id,sender_name,sender_avatar_url,gift_id,amount,combo_count,charge_policy,total_payment,total_gems,sent_timestamp,activity_id FROM gift_log WHERE (sender_name LIKE ?) ORDER BY sent_timestamp DESC LIMIT ?
2024-12-23T16:49:03.270+08:00 DEBUG 30608 --- [ForkJoinPool.commonPool-worker-3] c.hs.db.mapper.GiftLogMapper.selectList  : ==> Parameters: %Tục%(String), 10(Long)
2024-12-23T16:49:03.272+08:00 DEBUG 30608 --- [ForkJoinPool.commonPool-worker-3] c.hs.db.mapper.GiftLogMapper.selectList  : <==      Total: 3
2024-12-23T16:49:03.937+08:00 DEBUG 30608 --- [reactor-http-nio-2] com.hs.controller.GiftLogController      : 查询礼物日志 pageSize:10 pageNum :1 roomId: giftId: senderId: startTime:null endTime:null
2024-12-23T16:49:03.945+08:00 DEBUG 30608 --- [ForkJoinPool.commonPool-worker-3] c.h.d.m.G.selectList_mpCount             : ==>  Preparing: SELECT COUNT(*) AS total FROM gift_log WHERE (sender_name LIKE ?)
2024-12-23T16:49:03.945+08:00 DEBUG 30608 --- [ForkJoinPool.commonPool-worker-3] c.h.d.m.G.selectList_mpCount             : ==> Parameters: %Tục%(String)
2024-12-23T16:49:03.946+08:00 DEBUG 30608 --- [ForkJoinPool.commonPool-worker-3] c.h.d.m.G.selectList_mpCount             : <==      Total: 1
2024-12-23T16:49:03.946+08:00 DEBUG 30608 --- [ForkJoinPool.commonPool-worker-3] c.hs.db.mapper.GiftLogMapper.selectList  : ==>  Preparing: SELECT room_id,anchor_name,sender_id,sender_name,sender_avatar_url,gift_id,amount,combo_count,charge_policy,total_payment,total_gems,sent_timestamp,activity_id FROM gift_log WHERE (sender_name LIKE ?) ORDER BY sent_timestamp DESC LIMIT ?
2024-12-23T16:49:03.946+08:00 DEBUG 30608 --- [ForkJoinPool.commonPool-worker-3] c.hs.db.mapper.GiftLogMapper.selectList  : ==> Parameters: %Tục%(String), 10(Long)
2024-12-23T16:49:03.948+08:00 DEBUG 30608 --- [ForkJoinPool.commonPool-worker-3] c.hs.db.mapper.GiftLogMapper.selectList  : <==      Total: 3
2024-12-23T16:49:07.236+08:00 DEBUG 30608 --- [reactor-http-nio-2] com.hs.controller.GiftLogController      : 查询礼物日志 pageSize:10 pageNum :1 roomId: giftId: senderId: startTime:null endTime:null
2024-12-23T16:49:07.241+08:00 DEBUG 30608 --- [ForkJoinPool.commonPool-worker-3] c.h.d.m.G.selectList_mpCount             : ==>  Preparing: SELECT COUNT(*) AS total FROM gift_log WHERE (sender_name LIKE ?)
2024-12-23T16:49:07.241+08:00 DEBUG 30608 --- [ForkJoinPool.commonPool-worker-3] c.h.d.m.G.selectList_mpCount             : ==> Parameters: %Tụ%(String)
2024-12-23T16:49:07.243+08:00 DEBUG 30608 --- [ForkJoinPool.commonPool-worker-3] c.h.d.m.G.selectList_mpCount             : <==      Total: 1
2024-12-23T16:49:07.243+08:00 DEBUG 30608 --- [ForkJoinPool.commonPool-worker-3] c.hs.db.mapper.GiftLogMapper.selectList  : ==>  Preparing: SELECT room_id,anchor_name,sender_id,sender_name,sender_avatar_url,gift_id,amount,combo_count,charge_policy,total_payment,total_gems,sent_timestamp,activity_id FROM gift_log WHERE (sender_name LIKE ?) ORDER BY sent_timestamp DESC LIMIT ?
2024-12-23T16:49:07.243+08:00 DEBUG 30608 --- [ForkJoinPool.commonPool-worker-3] c.hs.db.mapper.GiftLogMapper.selectList  : ==> Parameters: %Tụ%(String), 10(Long)
2024-12-23T16:49:07.244+08:00 DEBUG 30608 --- [ForkJoinPool.commonPool-worker-3] c.hs.db.mapper.GiftLogMapper.selectList  : <==      Total: 3
2024-12-23T16:49:49.832+08:00 DEBUG 30608 --- [reactor-http-nio-2] com.hs.controller.GiftLogController      : 查询礼物日志 pageSize:10 pageNum :1 roomId: giftId: senderId: startTime:null endTime:null
2024-12-23T16:49:49.839+08:00 DEBUG 30608 --- [ForkJoinPool.commonPool-worker-3] c.h.d.m.G.selectList_mpCount             : ==>  Preparing: SELECT COUNT(*) AS total FROM gift_log WHERE (sender_name LIKE ?)
2024-12-23T16:49:49.839+08:00 DEBUG 30608 --- [ForkJoinPool.commonPool-worker-3] c.h.d.m.G.selectList_mpCount             : ==> Parameters: %R%(String)
2024-12-23T16:49:49.840+08:00 DEBUG 30608 --- [ForkJoinPool.commonPool-worker-3] c.h.d.m.G.selectList_mpCount             : <==      Total: 1
2024-12-23T16:49:49.840+08:00 DEBUG 30608 --- [ForkJoinPool.commonPool-worker-3] c.hs.db.mapper.GiftLogMapper.selectList  : ==>  Preparing: SELECT room_id,anchor_name,sender_id,sender_name,sender_avatar_url,gift_id,amount,combo_count,charge_policy,total_payment,total_gems,sent_timestamp,activity_id FROM gift_log WHERE (sender_name LIKE ?) ORDER BY sent_timestamp DESC LIMIT ?
2024-12-23T16:49:49.840+08:00 DEBUG 30608 --- [ForkJoinPool.commonPool-worker-3] c.hs.db.mapper.GiftLogMapper.selectList  : ==> Parameters: %R%(String), 10(Long)
2024-12-23T16:49:49.842+08:00 DEBUG 30608 --- [ForkJoinPool.commonPool-worker-3] c.hs.db.mapper.GiftLogMapper.selectList  : <==      Total: 5
2024-12-23T16:49:54.620+08:00 DEBUG 30608 --- [reactor-http-nio-2] com.hs.controller.GiftLogController      : 查询礼物日志 pageSize:10 pageNum :1 roomId: giftId: senderId: startTime:null endTime:null
2024-12-23T16:49:54.625+08:00 DEBUG 30608 --- [ForkJoinPool.commonPool-worker-3] c.h.d.m.G.selectList_mpCount             : ==>  Preparing: SELECT COUNT(*) AS total FROM gift_log WHERE (sender_name LIKE ?)
2024-12-23T16:49:54.625+08:00 DEBUG 30608 --- [ForkJoinPool.commonPool-worker-3] c.h.d.m.G.selectList_mpCount             : ==> Parameters: %N%(String)
2024-12-23T16:49:54.627+08:00 DEBUG 30608 --- [ForkJoinPool.commonPool-worker-3] c.h.d.m.G.selectList_mpCount             : <==      Total: 1
2024-12-23T16:49:54.628+08:00 DEBUG 30608 --- [ForkJoinPool.commonPool-worker-3] c.hs.db.mapper.GiftLogMapper.selectList  : ==>  Preparing: SELECT room_id,anchor_name,sender_id,sender_name,sender_avatar_url,gift_id,amount,combo_count,charge_policy,total_payment,total_gems,sent_timestamp,activity_id FROM gift_log WHERE (sender_name LIKE ?) ORDER BY sent_timestamp DESC LIMIT ?
2024-12-23T16:49:54.628+08:00 DEBUG 30608 --- [ForkJoinPool.commonPool-worker-3] c.hs.db.mapper.GiftLogMapper.selectList  : ==> Parameters: %N%(String), 10(Long)
2024-12-23T16:49:54.629+08:00 DEBUG 30608 --- [ForkJoinPool.commonPool-worker-3] c.hs.db.mapper.GiftLogMapper.selectList  : <==      Total: 10
2024-12-23T16:50:07.671+08:00 DEBUG 30608 --- [reactor-http-nio-2] com.hs.controller.GiftLogController      : 查询礼物日志 pageSize:10 pageNum :1 roomId: giftId: senderId: startTime:null endTime:null
2024-12-23T16:50:07.677+08:00 DEBUG 30608 --- [ForkJoinPool.commonPool-worker-3] c.h.d.m.G.selectList_mpCount             : ==>  Preparing: SELECT COUNT(*) AS total FROM gift_log WHERE (sender_name LIKE ?)
2024-12-23T16:50:07.678+08:00 DEBUG 30608 --- [ForkJoinPool.commonPool-worker-3] c.h.d.m.G.selectList_mpCount             : ==> Parameters: %n%(String)
2024-12-23T16:50:07.679+08:00 DEBUG 30608 --- [ForkJoinPool.commonPool-worker-3] c.h.d.m.G.selectList_mpCount             : <==      Total: 1
2024-12-23T16:50:07.679+08:00 DEBUG 30608 --- [ForkJoinPool.commonPool-worker-3] c.hs.db.mapper.GiftLogMapper.selectList  : ==>  Preparing: SELECT room_id,anchor_name,sender_id,sender_name,sender_avatar_url,gift_id,amount,combo_count,charge_policy,total_payment,total_gems,sent_timestamp,activity_id FROM gift_log WHERE (sender_name LIKE ?) ORDER BY sent_timestamp DESC LIMIT ?
2024-12-23T16:50:07.679+08:00 DEBUG 30608 --- [ForkJoinPool.commonPool-worker-3] c.hs.db.mapper.GiftLogMapper.selectList  : ==> Parameters: %n%(String), 10(Long)
2024-12-23T16:50:07.680+08:00 DEBUG 30608 --- [ForkJoinPool.commonPool-worker-3] c.hs.db.mapper.GiftLogMapper.selectList  : <==      Total: 10
2024-12-23T16:50:12.269+08:00 DEBUG 30608 --- [reactor-http-nio-2] com.hs.controller.GiftLogController      : 查询礼物日志 pageSize:10 pageNum :1 roomId: giftId: senderId: startTime:null endTime:null
2024-12-23T16:50:12.274+08:00 DEBUG 30608 --- [ForkJoinPool.commonPool-worker-3] c.h.d.m.G.selectList_mpCount             : ==>  Preparing: SELECT COUNT(*) AS total FROM gift_log WHERE (sender_name LIKE ?)
2024-12-23T16:50:12.274+08:00 DEBUG 30608 --- [ForkJoinPool.commonPool-worker-3] c.h.d.m.G.selectList_mpCount             : ==> Parameters: %a%(String)
2024-12-23T16:50:12.275+08:00 DEBUG 30608 --- [ForkJoinPool.commonPool-worker-3] c.h.d.m.G.selectList_mpCount             : <==      Total: 1
2024-12-23T16:50:12.275+08:00 DEBUG 30608 --- [ForkJoinPool.commonPool-worker-3] c.hs.db.mapper.GiftLogMapper.selectList  : ==>  Preparing: SELECT room_id,anchor_name,sender_id,sender_name,sender_avatar_url,gift_id,amount,combo_count,charge_policy,total_payment,total_gems,sent_timestamp,activity_id FROM gift_log WHERE (sender_name LIKE ?) ORDER BY sent_timestamp DESC LIMIT ?
2024-12-23T16:50:12.276+08:00 DEBUG 30608 --- [ForkJoinPool.commonPool-worker-3] c.hs.db.mapper.GiftLogMapper.selectList  : ==> Parameters: %a%(String), 10(Long)
2024-12-23T16:50:12.277+08:00 DEBUG 30608 --- [ForkJoinPool.commonPool-worker-3] c.hs.db.mapper.GiftLogMapper.selectList  : <==      Total: 10
2024-12-23T16:50:28.215+08:00  INFO 30608 --- [SpringApplicationShutdownHook] com.zaxxer.hikari.HikariDataSource       : HikariPool-1 - Shutdown initiated...
2024-12-23T16:50:28.223+08:00  INFO 30608 --- [SpringApplicationShutdownHook] com.zaxxer.hikari.HikariDataSource       : HikariPool-1 - Shutdown completed.
2024-12-23T17:04:12.487+08:00  INFO 30640 --- [main] com.hs.Main                              : Starting Main using Java 17.0.12 with PID 30640 (D:\coding\live-manager-server\web\target\classes started by joe in D:\coding\live-manager-server)
2024-12-23T17:04:12.488+08:00 DEBUG 30640 --- [main] com.hs.Main                              : Running with Spring Boot v3.3.5, Spring v6.1.14
2024-12-23T17:04:12.489+08:00  INFO 30640 --- [main] com.hs.Main                              : No active profile set, falling back to 1 default profile: "default"
2024-12-23T17:04:12.836+08:00  INFO 30640 --- [main] .s.d.r.c.RepositoryConfigurationDelegate : Multiple Spring Data modules found, entering strict repository configuration mode
2024-12-23T17:04:12.838+08:00  INFO 30640 --- [main] .s.d.r.c.RepositoryConfigurationDelegate : Bootstrapping Spring Data Redis repositories in DEFAULT mode.
2024-12-23T17:04:12.858+08:00  INFO 30640 --- [main] .s.d.r.c.RepositoryConfigurationDelegate : Finished Spring Data repository scanning in 10 ms. Found 0 Redis repository interfaces.
2024-12-23T17:04:13.246+08:00  WARN 30640 --- [main] c.b.m.core.metadata.TableInfoHelper      : Can not find table primary key in Class: "com.hs.db.entity.User".
2024-12-23T17:04:13.249+08:00  WARN 30640 --- [main] c.b.m.core.injector.DefaultSqlInjector   : class com.hs.db.entity.User ,Not found @TableId annotation, Cannot use Mybatis-Plus 'xxById' Method.
2024-12-23T17:04:13.297+08:00  WARN 30640 --- [main] c.b.m.core.metadata.TableInfoHelper      : Can not find table primary key in Class: "com.hs.db.entity.GiftLog".
2024-12-23T17:04:13.297+08:00  WARN 30640 --- [main] c.b.m.core.injector.DefaultSqlInjector   : class com.hs.db.entity.GiftLog ,Not found @TableId annotation, Cannot use Mybatis-Plus 'xxById' Method.
2024-12-23T17:04:13.754+08:00  INFO 30640 --- [main] o.s.b.web.embedded.netty.NettyWebServer  : Netty started on port 9000 (http)
2024-12-23T17:04:13.764+08:00  INFO 30640 --- [main] com.hs.Main                              : Started Main in 1.547 seconds (process running for 1.997)
2024-12-23T17:04:36.482+08:00 DEBUG 30640 --- [reactor-http-nio-2] com.hs.controller.GiftLogController      : 查询礼物日志 pageSize:10 pageNum :1 roomId: giftId: senderId: startTime:null endTime:null
2024-12-23T17:04:36.567+08:00  INFO 30640 --- [ForkJoinPool.commonPool-worker-1] com.zaxxer.hikari.HikariDataSource       : HikariPool-1 - Starting...
2024-12-23T17:04:36.720+08:00  INFO 30640 --- [ForkJoinPool.commonPool-worker-1] com.zaxxer.hikari.pool.HikariPool        : HikariPool-1 - Added connection com.mysql.cj.jdbc.ConnectionImpl@540ff423
2024-12-23T17:04:36.721+08:00  INFO 30640 --- [ForkJoinPool.commonPool-worker-1] com.zaxxer.hikari.HikariDataSource       : HikariPool-1 - Start completed.
2024-12-23T17:04:36.725+08:00 DEBUG 30640 --- [ForkJoinPool.commonPool-worker-1] c.h.d.m.G.selectList_mpCount             : ==>  Preparing: SELECT COUNT(*) AS total FROM gift_log WHERE (sender_name LIKE ?)
2024-12-23T17:04:36.738+08:00 DEBUG 30640 --- [ForkJoinPool.commonPool-worker-1] c.h.d.m.G.selectList_mpCount             : ==> Parameters: %Đình Quang%(String)
2024-12-23T17:04:36.749+08:00 DEBUG 30640 --- [ForkJoinPool.commonPool-worker-1] c.h.d.m.G.selectList_mpCount             : <==      Total: 1
2024-12-23T17:04:36.753+08:00 DEBUG 30640 --- [ForkJoinPool.commonPool-worker-1] c.hs.db.mapper.GiftLogMapper.selectList  : ==>  Preparing: SELECT room_id,anchor_name,sender_id,sender_name,sender_avatar_url,gift_id,amount,combo_count,charge_policy,total_payment,total_gems,sent_timestamp,activity_id FROM gift_log WHERE (sender_name LIKE ?) ORDER BY sent_timestamp DESC LIMIT ?
2024-12-23T17:04:36.754+08:00 DEBUG 30640 --- [ForkJoinPool.commonPool-worker-1] c.hs.db.mapper.GiftLogMapper.selectList  : ==> Parameters: %Đình Quang%(String), 10(Long)
2024-12-23T17:04:36.756+08:00 DEBUG 30640 --- [ForkJoinPool.commonPool-worker-1] c.hs.db.mapper.GiftLogMapper.selectList  : <==      Total: 2
2024-12-23T17:04:39.138+08:00 DEBUG 30640 --- [ForkJoinPool.commonPool-worker-1] c.hs.db.mapper.GiftLogMapper.selectList  : ==>  Preparing: SELECT room_id,anchor_name,sender_id,sender_name,sender_avatar_url,gift_id,amount,combo_count,charge_policy,total_payment,total_gems,sent_timestamp,activity_id FROM gift_log WHERE (sender_name LIKE ?) ORDER BY sent_timestamp DESC
2024-12-23T17:04:39.138+08:00 DEBUG 30640 --- [ForkJoinPool.commonPool-worker-1] c.hs.db.mapper.GiftLogMapper.selectList  : ==> Parameters: %Đình Quang%(String)
2024-12-23T17:04:39.140+08:00 DEBUG 30640 --- [ForkJoinPool.commonPool-worker-1] c.hs.db.mapper.GiftLogMapper.selectList  : <==      Total: 2
2024-12-23T17:05:00.120+08:00  INFO 30640 --- [SpringApplicationShutdownHook] com.zaxxer.hikari.HikariDataSource       : HikariPool-1 - Shutdown initiated...
2024-12-23T17:05:00.130+08:00  INFO 30640 --- [SpringApplicationShutdownHook] com.zaxxer.hikari.HikariDataSource       : HikariPool-1 - Shutdown completed.
